{"name": "test_search_flights_one_stop", "status": "broken", "statusDetails": {"message": "selenium.common.exceptions.TimeoutException: Message: \nStacktrace:\nBacktrace:\n\tGetHandleVerifier [0x00D06E73+48323]\n\t(No symbol) [0x00C99661]\n\t(No symbol) [0x00BA5308]\n\t(No symbol) [0x00BD0B45]\n\t(No symbol) [0x00BD0CDB]\n\t(No symbol) [0x00BFE3D2]\n\t(No symbol) [0x00BEA924]\n\t(No symbol) [0x00BFCAC2]\n\t(No symbol) [0x00BEA6D6]\n\t(No symbol) [0x00BC847C]\n\t(No symbol) [0x00BC957D]\n\tGetHandleVerifier [0x00F6FD5D+2575277]\n\tGetHandleVerifier [0x00FAF86E+2836158]\n\tGetHandleVerifier [0x00FA96DC+2811180]\n\tGetHandleVerifier [0x00D941B0+626688]\n\t(No symbol) [0x00CA314C]\n\t(No symbol) [0x00C9F4B8]\n\t(No symbol) [0x00C9F59B]\n\t(No symbol) [0x00C921B7]\n\tBaseThreadInitThunk [0x76D0FA29+25]\n\tRtlGetAppContainerNamedObjectPath [0x76ED7A4E+286]\n\tRtlGetAppContainerNamedObjectPath [0x76ED7A1E+238]", "trace": "self = <test_scripts.test_searchflights.TestSearchFlights testMethod=test_search_flights_one_stop>\n\n    def test_search_flights_one_stop(self):\n>       search_flight_result = self.lp.search_flights(\"New\",\"Mum\",\"15/08/2023\")\n\ntest_scripts\\test_searchflights.py:23: \n_ _ _ _ _ _ _ _ _ _ _ _ _ _ _ _ _ _ _ _ _ _ _ _ _ _ _ _ _ _ _ _ _ _ _ _ _ _ _ _ _ _ _ _ _ _ _ _ _ _ _ _ _ _ _ _ _ _ _ _ _ _ _ _ _ _ _ _ _ _ _ _ \npages\\yatra_launch_page.py:70: in search_flights\n    self.enter_dept_from_location(departlocation)\npages\\yatra_launch_page.py:28: in enter_dept_from_location\n    self.get_dept_from_field().click()\npages\\yatra_launch_page.py:25: in get_dept_from_field\n    return self.wait_until_element_is_clickable(*self.dept_from)\ngeneric\\base_class.py:27: in wait_until_element_is_clickable\n    element = wait.until(EC.element_to_be_clickable((locator_type, locator)))\n_ _ _ _ _ _ _ _ _ _ _ _ _ _ _ _ _ _ _ _ _ _ _ _ _ _ _ _ _ _ _ _ _ _ _ _ _ _ _ _ _ _ _ _ _ _ _ _ _ _ _ _ _ _ _ _ _ _ _ _ _ _ _ _ _ _ _ _ _ _ _ _ \n\nself = <selenium.webdriver.support.wait.WebDriverWait (session=\"3bcca133598f4f5594444f42af186356\")>\nmethod = <function element_to_be_clickable.<locals>._predicate at 0x000002C6EEF37880>, message = ''\n\n    def until(self, method, message: str = \"\"):\n        \"\"\"Calls the method provided with the driver as an argument until the \\\n        return value does not evaluate to ``False``.\n    \n        :param method: callable(WebDriver)\n        :param message: optional message for :exc:`TimeoutException`\n        :returns: the result of the last call to `method`\n        :raises: :exc:`selenium.common.exceptions.TimeoutException` if timeout occurs\n        \"\"\"\n        screen = None\n        stacktrace = None\n    \n        end_time = time.monotonic() + self._timeout\n        while True:\n            try:\n                value = method(self._driver)\n                if value:\n                    return value\n            except self._ignored_exceptions as exc:\n                screen = getattr(exc, 'screen', None)\n                stacktrace = getattr(exc, 'stacktrace', None)\n            time.sleep(self._poll)\n            if time.monotonic() > end_time:\n                break\n>       raise TimeoutException(message, screen, stacktrace)\nE       selenium.common.exceptions.TimeoutException: Message: \nE       Stacktrace:\nE       Backtrace:\nE       \tGetHandleVerifier [0x00D06E73+48323]\nE       \t(No symbol) [0x00C99661]\nE       \t(No symbol) [0x00BA5308]\nE       \t(No symbol) [0x00BD0B45]\nE       \t(No symbol) [0x00BD0CDB]\nE       \t(No symbol) [0x00BFE3D2]\nE       \t(No symbol) [0x00BEA924]\nE       \t(No symbol) [0x00BFCAC2]\nE       \t(No symbol) [0x00BEA6D6]\nE       \t(No symbol) [0x00BC847C]\nE       \t(No symbol) [0x00BC957D]\nE       \tGetHandleVerifier [0x00F6FD5D+2575277]\nE       \tGetHandleVerifier [0x00FAF86E+2836158]\nE       \tGetHandleVerifier [0x00FA96DC+2811180]\nE       \tGetHandleVerifier [0x00D941B0+626688]\nE       \t(No symbol) [0x00CA314C]\nE       \t(No symbol) [0x00C9F4B8]\nE       \t(No symbol) [0x00C9F59B]\nE       \t(No symbol) [0x00C921B7]\nE       \tBaseThreadInitThunk [0x76D0FA29+25]\nE       \tRtlGetAppContainerNamedObjectPath [0x76ED7A4E+286]\nE       \tRtlGetAppContainerNamedObjectPath [0x76ED7A1E+238]\n\n..\\..\\AppData\\Local\\Programs\\Python\\Python311\\Lib\\site-packages\\selenium\\webdriver\\support\\wait.py:90: TimeoutException"}, "start": 1690908483112, "stop": 1690908493139, "uuid": "f6a372e0-4bef-4eff-b85d-f57729943d85", "historyId": "ee96ddb1f6553360f9cb04537aacb877", "testCaseId": "ee96ddb1f6553360f9cb04537aacb877", "fullName": "test_scripts.test_searchflights.TestSearchFlights#test_search_flights_one_stop", "labels": [{"name": "tag", "value": "@pytest.mark.usefixtures('setup', 'log_on_failure')"}, {"name": "parentSuite", "value": "test_scripts"}, {"name": "suite", "value": "test_searchflights"}, {"name": "subSuite", "value": "TestSearchFlights"}, {"name": "host", "value": "VG"}, {"name": "thread", "value": "56424-MainThread"}, {"name": "framework", "value": "pytest"}, {"name": "language", "value": "cpython3"}, {"name": "package", "value": "test_scripts.test_searchflights"}]}